<?xml version="1.0" encoding="UTF-8"?>
<testng-results skipped="0" failed="0" total="2" passed="2">
  <reporter-output>
  </reporter-output>
  <suite name="Suite" duration-ms="24079" started-at="2016-03-23T10:56:33Z" finished-at="2016-03-23T10:56:57Z">
    <groups>
    </groups>
    <test name="Test" duration-ms="24079" started-at="2016-03-23T10:56:33Z" finished-at="2016-03-23T10:56:57Z">
      <class name="com.pack.base.firsttest">
        <test-method status="PASS" signature="setup()[pri:0, instance:com.pack.base.firsttest@58ceff1]" name="setup" is-config="true" duration-ms="22235" started-at="2016-03-23T16:26:33Z" finished-at="2016-03-23T16:26:55Z">
          <reporter-output>
          </reporter-output>
        </test-method> <!-- setup -->
        <test-method status="PASS" signature="test1()[pri:0, instance:com.pack.base.firsttest@58ceff1]" name="test1" duration-ms="277" started-at="2016-03-23T16:26:55Z" finished-at="2016-03-23T16:26:55Z">
          <reporter-output>
          </reporter-output>
        </test-method> <!-- test1 -->
        <test-method status="PASS" signature="test2()[pri:0, instance:com.pack.base.firsttest@58ceff1]" name="test2" duration-ms="1156" started-at="2016-03-23T16:26:55Z" finished-at="2016-03-23T16:26:57Z">
          <reporter-output>
          </reporter-output>
        </test-method> <!-- test2 -->
        <test-method status="PASS" signature="teardown()[pri:0, instance:com.pack.base.firsttest@58ceff1]" name="teardown" is-config="true" duration-ms="400" started-at="2016-03-23T16:26:57Z" finished-at="2016-03-23T16:26:57Z">
          <reporter-output>
          </reporter-output>
        </test-method> <!-- teardown -->
      </class> <!-- com.pack.base.firsttest -->
    </test> <!-- Test -->
  </suite> <!-- Suite -->
</testng-results>
